# JRE version: Java(TM) SE Runtime Environment (8.0_144-b01) (build 1.8.0_144-b01)
# Java VM: Java HotSpot(TM) 64-Bit Server VM (25.144-b01 mixed mode windows-amd64 compressed oops)
Heap:
 PSYoungGen      total 136192K, used 70607K [0x00000000f5580000, 0x00000000ffd00000, 0x0000000100000000)
  eden space 128512K, 49% used [0x00000000f5580000,0x00000000f9304938,0x00000000fd300000)
  from space 7680K, 99% used [0x00000000fd300000,0x00000000fda6f6b8,0x00000000fda80000)
  to   space 20992K, 0% used [0x00000000fe880000,0x00000000fe880000,0x00000000ffd00000)
 ParOldGen       total 181248K, used 147087K [0x00000000e0000000, 0x00000000eb100000, 0x00000000f5580000)
  object space 181248K, 81% used [0x00000000e0000000,0x00000000e8fa3f38,0x00000000eb100000)
 Metaspace       used 99440K, capacity 105558K, committed 105776K, reserved 1140736K
  class space    used 12958K, capacity 14302K, committed 14384K, reserved 1048576K
GC Heap History (10 events):
Event: 926.272 GC heap before
{Heap before GC invocations=55 (full 4):
 PSYoungGen      total 143872K, used 127589K [0x00000000f5580000, 0x00000000ffc00000, 0x0000000100000000)
  eden space 119296K, 100% used [0x00000000f5580000,0x00000000fca00000,0x00000000fca00000)
  from space 24576K, 33% used [0x00000000fe400000,0x00000000fec19798,0x00000000ffc00000)
  to   space 25600K, 0% used [0x00000000fca00000,0x00000000fca00000,0x00000000fe300000)
 ParOldGen       total 181248K, used 123492K [0x00000000e0000000, 0x00000000eb100000, 0x00000000f5580000)
  object space 181248K, 68% used [0x00000000e0000000,0x00000000e7899218,0x00000000eb100000)
 Metaspace       used 99300K, capacity 105302K, committed 105520K, reserved 1140736K
  class space    used 12956K, capacity 14268K, committed 14384K, reserved 1048576K
Event: 929.006 GC heap after
Heap after GC invocations=55 (full 4):
 PSYoungGen      total 144896K, used 5989K [0x00000000f5580000, 0x00000000fff00000, 0x0000000100000000)
  eden space 119296K, 0% used [0x00000000f5580000,0x00000000f5580000,0x00000000fca00000)
  from space 25600K, 23% used [0x00000000fca00000,0x00000000fcfd94b0,0x00000000fe300000)
  to   space 24576K, 0% used [0x00000000fe700000,0x00000000fe700000,0x00000000fff00000)
 ParOldGen       total 181248K, used 130071K [0x00000000e0000000, 0x00000000eb100000, 0x00000000f5580000)
  object space 181248K, 71% used [0x00000000e0000000,0x00000000e7f05d50,0x00000000eb100000)
 Metaspace       used 99300K, capacity 105302K, committed 105520K, reserved 1140736K
  class space    used 12956K, capacity 14268K, committed 14384K, reserved 1048576K
}
Event: 931.667 GC heap before
{Heap before GC invocations=56 (full 4):
 PSYoungGen      total 144896K, used 125285K [0x00000000f5580000, 0x00000000fff00000, 0x0000000100000000)
  eden space 119296K, 100% used [0x00000000f5580000,0x00000000fca00000,0x00000000fca00000)
  from space 25600K, 23% used [0x00000000fca00000,0x00000000fcfd94b0,0x00000000fe300000)
  to   space 24576K, 0% used [0x00000000fe700000,0x00000000fe700000,0x00000000fff00000)
 ParOldGen       total 181248K, used 130076K [0x00000000e0000000, 0x00000000eb100000, 0x00000000f5580000)
  object space 181248K, 71% used [0x00000000e0000000,0x00000000e7f07370,0x00000000eb100000)
 Metaspace       used 99344K, capacity 105438K, committed 105776K, reserved 1140736K
  class space    used 12956K, capacity 14268K, committed 14384K, reserved 1048576K
Event: 933.779 GC heap after
Heap after GC invocations=56 (full 4):
 PSYoungGen      total 146944K, used 7139K [0x00000000f5580000, 0x00000000ffd00000, 0x0000000100000000)
  eden space 124416K, 0% used [0x00000000f5580000,0x00000000f5580000,0x00000000fcf00000)
  from space 22528K, 31% used [0x00000000fe700000,0x00000000fedf8c18,0x00000000ffd00000)
  to   space 23552K, 0% used [0x00000000fcf00000,0x00000000fcf00000,0x00000000fe600000)
 ParOldGen       total 181248K, used 134583K [0x00000000e0000000, 0x00000000eb100000, 0x00000000f5580000)
  object space 181248K, 74% used [0x00000000e0000000,0x00000000e836ddf8,0x00000000eb100000)
 Metaspace       used 99344K, capacity 105438K, committed 105776K, reserved 1140736K
  class space    used 12956K, capacity 14268K, committed 14384K, reserved 1048576K
}
Event: 975.255 GC heap before
{Heap before GC invocations=57 (full 4):
 PSYoungGen      total 146944K, used 131555K [0x00000000f5580000, 0x00000000ffd00000, 0x0000000100000000)
  eden space 124416K, 100% used [0x00000000f5580000,0x00000000fcf00000,0x00000000fcf00000)
  from space 22528K, 31% used [0x00000000fe700000,0x00000000fedf8c18,0x00000000ffd00000)
  to   space 23552K, 0% used [0x00000000fcf00000,0x00000000fcf00000,0x00000000fe600000)
 ParOldGen       total 181248K, used 134583K [0x00000000e0000000, 0x00000000eb100000, 0x00000000f5580000)
  object space 181248K, 74% used [0x00000000e0000000,0x00000000e836de90,0x00000000eb100000)
 Metaspace       used 99373K, capacity 105470K, committed 105776K, reserved 1140736K
  class space    used 12957K, capacity 14300K, committed 14384K, reserved 1048576K
Event: 979.471 GC heap after
Heap after GC invocations=57 (full 4):
 PSYoungGen      total 147968K, used 6528K [0x00000000f5580000, 0x00000000fff00000, 0x0000000100000000)
  eden space 124416K, 0% used [0x00000000f5580000,0x00000000f5580000,0x00000000fcf00000)
  from space 23552K, 27% used [0x00000000fcf00000,0x00000000fd560108,0x00000000fe600000)
  to   space 22528K, 0% used [0x00000000fe900000,0x00000000fe900000,0x00000000fff00000)
 ParOldGen       total 181248K, used 140782K [0x00000000e0000000, 0x00000000eb100000, 0x00000000f5580000)
  object space 181248K, 77% used [0x00000000e0000000,0x00000000e897b878,0x00000000eb100000)
 Metaspace       used 99373K, capacity 105470K, committed 105776K, reserved 1140736K
  class space    used 12957K, capacity 14300K, committed 14384K, reserved 1048576K
}
Event: 979.600 GC heap before
{Heap before GC invocations=58 (full 4):
 PSYoungGen      total 147968K, used 7892K [0x00000000f5580000, 0x00000000fff00000, 0x0000000100000000)
  eden space 124416K, 1% used [0x00000000f5580000,0x00000000f56d50b8,0x00000000fcf00000)
  from space 23552K, 27% used [0x00000000fcf00000,0x00000000fd560108,0x00000000fe600000)
  to   space 22528K, 0% used [0x00000000fe900000,0x00000000fe900000,0x00000000fff00000)
 ParOldGen       total 181248K, used 140782K [0x00000000e0000000, 0x00000000eb100000, 0x00000000f5580000)
  object space 181248K, 77% used [0x00000000e0000000,0x00000000e897b878,0x00000000eb100000)
 Metaspace       used 99373K, capacity 105470K, committed 105776K, reserved 1140736K
  class space    used 12957K, capacity 14300K, committed 14384K, reserved 1048576K
Event: 983.096 GC heap after
Heap after GC invocations=58 (full 4):
 PSYoungGen      total 151040K, used 320K [0x00000000f5580000, 0x00000000fff00000, 0x0000000100000000)
  eden space 128512K, 0% used [0x00000000f5580000,0x00000000f5580000,0x00000000fd300000)
  from space 22528K, 1% used [0x00000000fe900000,0x00000000fe950000,0x00000000fff00000)
  to   space 22528K, 0% used [0x00000000fd300000,0x00000000fd300000,0x00000000fe900000)
 ParOldGen       total 181248K, used 147007K [0x00000000e0000000, 0x00000000eb100000, 0x00000000f5580000)
  object space 181248K, 81% used [0x00000000e0000000,0x00000000e8f8ff38,0x00000000eb100000)
 Metaspace       used 99373K, capacity 105470K, committed 105776K, reserved 1140736K
  class space    used 12957K, capacity 14300K, committed 14384K, reserved 1048576K
}
Event: 989.259 GC heap before
{Heap before GC invocations=59 (full 4):
 PSYoungGen      total 151040K, used 128832K [0x00000000f5580000, 0x00000000fff00000, 0x0000000100000000)
  eden space 128512K, 100% used [0x00000000f5580000,0x00000000fd300000,0x00000000fd300000)
  from space 22528K, 1% used [0x00000000fe900000,0x00000000fe950000,0x00000000fff00000)
  to   space 22528K, 0% used [0x00000000fd300000,0x00000000fd300000,0x00000000fe900000)
 ParOldGen       total 181248K, used 147007K [0x00000000e0000000, 0x00000000eb100000, 0x00000000f5580000)
  object space 181248K, 81% used [0x00000000e0000000,0x00000000e8f8ff38,0x00000000eb100000)
 Metaspace       used 99406K, capacity 105546K, committed 105776K, reserved 1140736K
  class space    used 12958K, capacity 14302K, committed 14384K, reserved 1048576K
Event: 989.953 GC heap after
Heap after GC invocations=59 (full 4):
 PSYoungGen      total 136192K, used 7613K [0x00000000f5580000, 0x00000000ffd00000, 0x0000000100000000)
  eden space 128512K, 0% used [0x00000000f5580000,0x00000000f5580000,0x00000000fd300000)
  from space 7680K, 99% used [0x00000000fd300000,0x00000000fda6f6b8,0x00000000fda80000)
  to   space 20992K, 0% used [0x00000000fe880000,0x00000000fe880000,0x00000000ffd00000)
 ParOldGen       total 181248K, used 147087K [0x00000000e0000000, 0x00000000eb100000, 0x00000000f5580000)
  object space 181248K, 81% used [0x00000000e0000000,0x00000000e8fa3f38,0x00000000eb100000)
 Metaspace       used 99406K, capacity 105546K, committed 105776K, reserved 1140736K
  class space    used 12958K, capacity 14302K, committed 14384K, reserved 1048576K
}

